<?xml version="1.0" encoding="utf-8"?><testsuites name="pytest tests"><testsuite name="pytest" errors="0" failures="0" skipped="0" tests="28" time="5.880" timestamp="2026-07-09T17:51:44.808113+00:00" hostname="agent-env-47b5c71b-905c-4498-8043-6ba46c24b703"><testcase classname="tests.backend_test.TestAuth" name="test_login_admin_success_sets_cookies" time="1.077" /><testcase classname="tests.backend_test.TestAuth" name="test_login_wrong_password" time="0.471" /><testcase classname="tests.backend_test.TestTasks" name="test_admin_task_assigned_to_staff_visible_to_staff" time="1.602" /><testcase classname="tests.backend_test.TestAuth" name="test_me_via_cookie" time="0.363" /><testcase classname="tests.backend_test.TestTasks" name="test_staff_only_sees_own_tasks" time="0.272" /><testcase classname="tests.backend_test.TestAuth" name="test_me_via_bearer" time="0.089" /><testcase classname="tests.backend_test.TestTasks" name="test_staff_toggle_complete" time="0.526" /><testcase classname="tests.backend_test.TestAuth" name="test_me_unauthenticated" time="0.118" /><testcase classname="tests.backend_test.TestUsers" name="test_admin_can_create_staff" time="0.269" /><testcase classname="tests.backend_test.TestTasks" name="test_staff_can_delete_own_task" time="0.325" /><testcase classname="tests.backend_test.TestUsers" name="test_staff_can_login" time="0.328" /><testcase classname="tests.backend_test.TestUsers" name="test_admin_lists_users" time="0.046" /><testcase classname="tests.backend_test.TestTasks" name="test_admin_can_get_any_task" time="0.043" /><testcase classname="tests.backend_test.TestActivity" name="test_task_activity_has_entries" time="0.046" /><testcase classname="tests.backend_test.TestUsers" name="test_staff_cannot_create_user" time="0.089" /><testcase classname="tests.backend_test.TestActivity" name="test_no_delete_activity_endpoint" time="0.127" /><testcase classname="tests.backend_test.TestRBAC" name="test_staff_cannot_view_other_users_task" time="0.190" /><testcase classname="tests.backend_test.TestActivity" name="test_admin_activity_list" time="0.057" /><testcase classname="tests.backend_test.TestActivity" name="test_staff_cannot_access_global_activity" time="0.047" /><testcase classname="tests.backend_test.TestNotifications" name="test_admin_task_creates_staff_notification" time="1.045" /><testcase classname="tests.backend_test.TestRBAC" name="test_staff_cannot_post_users" time="0.044" /><testcase classname="tests.backend_test.TestRBAC" name="test_staff_cannot_get_global_activity" time="0.044" /><testcase classname="tests.backend_test.TestSubtasks" name="test_add_and_complete_subtask" time="0.282" /><testcase classname="tests.backend_test.TestLabels" name="test_label_crud" time="0.213" /><testcase classname="tests.backend_test.TestComments" name="test_comment_crud" time="0.513" /><testcase classname="tests.backend_test.TestNotifications" name="test_staff_task_creates_admin_notification" time="1.050" /><testcase classname="tests.backend_test.TestDashboard" name="test_admin_dashboard" time="0.065" /><testcase classname="tests.backend_test.TestDashboard" name="test_staff_dashboard" time="0.177" /></testsuite></testsuites>